<?xml version="1.0" encoding="UTF-8"?>
<!-- Generated by org.testng.reporters.JUnitReportReporter -->
<testsuite hostname="DESKTOP-4R897Q8" failures="0" tests="1" name="com.example.seleniumTestNG.selenium_testng_project.test2" time="7.680" errors="0" timestamp="2025-05-24T12:00:56 IST" skipped="0">
  <testcase classname="com.example.seleniumTestNG.selenium_testng_project.test2" name="test" time="7.680"/>
</testsuite> <!-- com.example.seleniumTestNG.selenium_testng_project.test2 -->
